1547523605076	geckodriver	INFO	geckodriver 0.19.1 (0000000000000000000000000000000000000000 2017-10-31)
1547523605083	geckodriver	INFO	Listening on 127.0.0.1:14274
1547523608029	mozrunner::runner	INFO	Running command: "C:\\Program Files (x86)\\Mozilla Firefox\\firefox.exe" "-marionette" "-profile" "C:\\Users\\ADMINI~1\\AppData\\Local\\Temp\\rust_mozprofile.GPUFbI41g6AM"
1547523608703	addons.xpi	WARN	Error parsing extensions state: [Exception... "Component returned failure code: 0x80520012 (NS_ERROR_FILE_NOT_FOUND) [amIAddonManagerStartup.readStartupData]"  nsresult: "0x80520012 (NS_ERROR_FILE_NOT_FOUND)"  location: "JS frame :: resource://gre/modules/addons/XPIProvider.jsm :: loadExtensionState :: line 1554"  data: no] Stack trace: loadExtensionState()@resource://gre/modules/addons/XPIProvider.jsm:1554 < getInstallState()@resource://gre/modules/addons/XPIProvider.jsm:1589 < checkForChanges()@resource://gre/modules/addons/XPIProvider.jsm:3109 < startup()@resource://gre/modules/addons/XPIProvider.jsm:2188 < callProvider()@resource://gre/modules/AddonManager.jsm:269 < _startProvider()@resource://gre/modules/AddonManager.jsm:739 < startup()@resource://gre/modules/AddonManager.jsm:906 < startup()@resource://gre/modules/AddonManager.jsm:3090 < observe()@jar:file:///C:/Program%20Files%20(x86)/Mozilla%20Firefox/omni.ja!/components/addonManager.js:65
1547523609292	Marionette	INFO	Enabled via --marionette
1547523611561	Marionette	INFO	Listening on port 14290
1547523611653	Marionette	WARN	TLS certificate errors will be ignored for this session
1547523611695	Marionette	DEBUG	Register listener.js for window 6442450945
1547523611741	Marionette	DEBUG	Received DOM event "beforeunload" for "about:blank"
1547523612862	Marionette	DEBUG	Received DOM event "pagehide" for "about:blank"
1547523612862	Marionette	DEBUG	Received DOM event "unload" for "about:blank"
1547523613649	Marionette	DEBUG	Received DOM event "DOMContentLoaded" for "https://www.baidu.com/"
1547523613776	Marionette	DEBUG	Received DOM event "pageshow" for "https://www.baidu.com/"
1547523613906	Marionette	INFO	New connections will no longer be accepted
[Parent 1332] WARNING: pipe error: 109: file z:/build/build/src/ipc/chromium/src/chrome/common/ipc_channel_win.cc, line 346
1547523636912	geckodriver	INFO	geckodriver 0.19.1 (0000000000000000000000000000000000000000 2017-10-31)
1547523636928	geckodriver	INFO	Listening on 127.0.0.1:14373
1547523640031	mozrunner::runner	INFO	Running command: "C:\\Program Files (x86)\\Mozilla Firefox\\firefox.exe" "-marionette" "-profile" "C:\\Users\\ADMINI~1\\AppData\\Local\\Temp\\rust_mozprofile.SLjV61rbBoog"
1547523640687	addons.xpi	WARN	Error parsing extensions state: [Exception... "Component returned failure code: 0x80520012 (NS_ERROR_FILE_NOT_FOUND) [amIAddonManagerStartup.readStartupData]"  nsresult: "0x80520012 (NS_ERROR_FILE_NOT_FOUND)"  location: "JS frame :: resource://gre/modules/addons/XPIProvider.jsm :: loadExtensionState :: line 1554"  data: no] Stack trace: loadExtensionState()@resource://gre/modules/addons/XPIProvider.jsm:1554 < getInstallState()@resource://gre/modules/addons/XPIProvider.jsm:1589 < checkForChanges()@resource://gre/modules/addons/XPIProvider.jsm:3109 < startup()@resource://gre/modules/addons/XPIProvider.jsm:2188 < callProvider()@resource://gre/modules/AddonManager.jsm:269 < _startProvider()@resource://gre/modules/AddonManager.jsm:739 < startup()@resource://gre/modules/AddonManager.jsm:906 < startup()@resource://gre/modules/AddonManager.jsm:3090 < observe()@jar:file:///C:/Program%20Files%20(x86)/Mozilla%20Firefox/omni.ja!/components/addonManager.js:65
1547523641213	Marionette	INFO	Enabled via --marionette
[Child 11408] WARNING: pipe error: 109: file z:/build/build/src/ipc/chromium/src/chrome/common/ipc_channel_win.cc, line 346
[Child 11408] WARNING: pipe error: 109: file z:/build/build/src/ipc/chromium/src/chrome/common/ipc_channel_win.cc, line 346
1547523642983	Marionette	INFO	Listening on port 14385
1547523643159	Marionette	WARN	TLS certificate errors will be ignored for this session
1547523643201	Marionette	DEBUG	Register listener.js for window 4294967297
1547523643223	Marionette	DEBUG	Received DOM event "beforeunload" for "about:blank"
1547523644098	Marionette	DEBUG	Received DOM event "pagehide" for "about:blank"
1547523644099	Marionette	DEBUG	Received DOM event "unload" for "about:blank"
JavaScript error: https://ss1.bdstatic.com/5eN1bjq8AAUYm2zgoY3K/r/www/cache/static/protocol/https/plugins/every_cookie_4644b13.js, line 4: ReferenceError: c is not defined
1547523644440	Marionette	DEBUG	Received DOM event "DOMContentLoaded" for "https://www.baidu.com/"
1547523644504	Marionette	DEBUG	Received DOM event "pageshow" for "https://www.baidu.com/"
JavaScript error: chrome://webide/content/webide.xul, line 1: TypeError: UI.canCloseProject is not a function
[Parent 14244] WARNING: pipe error: 109: file z:/build/build/src/ipc/chromium/src/chrome/common/ipc_channel_win.cc, line 346
ver	INFO	Listening on 127.0.0.1:14616
1547523743124	mozrunner::runner	INFO	Running command: "C:\\Program Files (x86)\\Mozilla Firefox\\firefox.exe" "-marionette" "-profile" "C:\\Users\\ADMINI~1\\AppData\\Local\\Temp\\rust_mozprofile.wPVr9WPt54gZ"
1547523743845	addons.xpi	WARN	Error parsing extensions state: [Exception... "Component returned failure code: 0x80520012 (NS_ERROR_FILE_NOT_FOUND) [amIAddonManagerStartup.readStartupData]"  nsresult: "0x80520012 (NS_ERROR_FILE_NOT_FOUND)"  location: "JS frame :: resource://gre/modules/addons/XPIProvider.jsm :: loadExtensionState :: line 1554"  data: no] Stack trace: loadExtensionState()@resource://gre/modules/addons/XPIProvider.jsm:1554 < getInstallState()@resource://gre/modules/addons/XPIProvider.jsm:1589 < checkForChanges()@resource://gre/modules/addons/XPIProvider.jsm:3109 < startup()@resource://gre/modules/addons/XPIProvider.jsm:2188 < callProvider()@resource://gre/modules/AddonManager.jsm:269 < _startProvider()@resource://gre/modules/AddonManager.jsm:739 < startup()@resource://gre/modules/AddonManager.jsm:906 < startup()@resource://gre/modules/AddonManager.jsm:3090 < observe()@jar:file:///C:/Program%20Files%20(x86)/Mozilla%20Firefox/omni.ja!/components/addonManager.js:65
1547523744361	Marionette	INFO	Enabled via --marionette
[Child 17644] WARNING: pipe error: 109: file z:/build/build/src/ipc/chromium/src/chrome/common/ipc_channel_win.cc, line 346
[Child 17644] WARNING: pipe error: 109: file z:/build/build/src/ipc/chromium/src/chrome/common/ipc_channel_win.cc, line 346
1547523749199	Marionette	INFO	Listening on port 14629
1547523749342	Marionette	WARN	TLS certificate errors will be ignored for this session
1547523749469	Marionette	DEBUG	Register listener.js for window 4294967297
1547523749536	Marionette	DEBUG	Received DOM event "beforeunload" for "about:blank"
1547523750760	Marionette	DEBUG	Received DOM event "pagehide" for "about:blank"
1547523750760	Marionette	DEBUG	Received DOM event "unload" for "about:blank"
JavaScript error: https://ss1.bdstatic.com/5eN1bjq8AAUYm2zgoY3K/r/www/cache/static/protocol/https/plugins/every_cookie_4644b13.js, line 4: ReferenceError: c is not defined
1547523751113	Marionette	DEBUG	Received DOM event "DOMContentLoaded" for "https://www.baidu.com/"
1547523751189	Marionette	DEBUG	Received DOM event "pageshow" for "https://www.baidu.com/"
[Parent 10600] WARNING: pipe error: 109: file z:/build/build/src/ipc/chromium/src/chrome/common/ipc_channel_win.cc, line 346
[Parent 10600] WARNING: pipe error: 109: file z:/build/build/src/ipc/chromium/src/chrome/common/ipc_channel_win.cc, line 346
[Child 17792] WARNING: pipe error: 109: file z:/build/build/src/ipc/chromium/src/chrome/common/ipc_channel_win.cc, line 346

###!!! [Parent][MessageChannel] Error: (msgtype=0x150084,name=PBrowser::Msg_UpdateNativeWindowHandle) Closed channel: cannot send/recv


###!!! [Parent][MessageChannel] Error: (msgtype=0x150078,name=PBrowser::Msg_Destroy) Closed channel: cannot send/recv

[Child 17792] WARNING: pipe error: 109: file z:/build/build/src/ipc/chromium/src/chrome/common/ipc_channel_win.cc, line 346

###!!! [Child][MessageChannel] Error: (msgtype=0x150001,name=PBrowser::Msg_AsyncMessage) Closed channel: cannot send/recv

JavaScript error: chrome://browser/content/tab-content.js, line 329: NS_ERROR_UNEXPECTED: Component returned failure code: 0x8000ffff (NS_ERROR_UNEXPECTED) [nsIMessageSender.sendAsyncMessage]

###!!! [Child][MessageChannel] Error: (msgtype=0x150001,name=PBrowser::Msg_AsyncMessage) Closed channel: cannot send/recv

JavaScript error: chrome://browser/content/content.js, line 812: NS_ERROR_UNEXPECTED: Component returned failure code: 0x8000ffff (NS_ERROR_UNEXPECTED) [nsIMessageSender.sendAsyncMessage]

###!!! [Child][MessageChannel::SendAndWait] Error: (msgtype=0x260001,name=PCookieService::Msg_GetCookieString) Closed channel: cannot send/recv


###!!! [Child][MessageChannel] Error: (msgtype=0x260003,name=PCookieService::Msg_SetCookieString) Closed channel: cannot send/recv


###!!! [Child][MessageChannel::SendAndWait] Error: (msgtype=0x260001,name=PCookieService::Msg_GetCookieString) Closed channel: cannot send/recv


###!!! [Child][MessageChannel] Error: (msgtype=0x150001,name=PBrowser::Msg_AsyncMessage) Closed channel: cannot send/recv

JavaScript error: chrome://global/content/browser-child.js, line 125: NS_ERROR_UNEXPECTED: Component returned failure code: 0x8000ffff (NS_ERROR_UNEXPECTED) [nsIMessageSender.sendAsyncMessage]

###!!! [Child][MessageChannel::SendAndWait] Error: (msgtype=0x150015,name=PBrowser::Msg_NotifyIMEFocus) Closed channel: cannot send/recv


###!!! [Child][MessageChannel] Error: (msgtype=0x15002B,name=PBrowser::Msg_SetInputContext) Closed channel: cannot send/recv

